
2016/10/26 04:57:26: com.mysql.jdbc.Driver
2016/10/26 05:02:50: com.mysql.jdbc.Driver
2016/10/26 05:07:59: com.mysql.jdbc.Driver
2016/10/26 05:09:03: com.mysql.jdbc.Driver
2016/10/26 05:19:35: com.mysql.jdbc.Driver
2016/10/26 05:28:45: com.mysql.jdbc.Driver
2016/10/26 05:29:39: com.mysql.jdbc.Driver
2016/10/26 05:45:11: com.mysql.jdbc.Driver
2016/10/26 05:56:43: com.mysql.jdbc.Driver
2016/10/26 06:13:41: com.mysql.jdbc.Driver
2016/10/26 06:16:08: com.mysql.jdbc.Driver
2016/10/26 06:19:19: com.mysql.jdbc.Driver
2016/10/26 06:20:50: com.mysql.jdbc.Driver
2016/10/26 06:39:16: com.mysql.jdbc.Driver
2016/10/26 07:02:08: com.mysql.jdbc.Driver
2016/10/26 07:07:54: com.mysql.jdbc.Driver
2016/10/26 07:08:53: com.mysql.jdbc.Driver
2016/10/26 08:39:36: com.mysql.jdbc.Driver
2016/10/26 08:53:29: com.mysql.jdbc.Driver
2016/11/09 11:37:48: Unknown column 'optionValue' in 'where clause'
2016/11/09 11:42:45: Unknown column 'optionValue' in 'where clause'
2016/11/09 11:45:30: Unknown column 'optionValue' in 'where clause'
2016/11/09 11:45:34: Unknown column 'optionValue' in 'where clause'
2016/11/09 11:47:33: You have an error in your SQL syntax; check the manual that corresponds to your MySQL server version for the right syntax to use near 'condition = ''' at line 1
2016/11/09 11:50:35: You have an error in your SQL syntax; check the manual that corresponds to your MySQL server version for the right syntax to use near 'condition = ''' at line 1
2016/11/09 11:52:19: You have an error in your SQL syntax; check the manual that corresponds to your MySQL server version for the right syntax to use near 'condition = ''' at line 1
2016/11/09 11:54:34: You have an error in your SQL syntax; check the manual that corresponds to your MySQL server version for the right syntax to use near 'condition = ''' at line 1
2016/11/09 11:56:09: You have an error in your SQL syntax; check the manual that corresponds to your MySQL server version for the right syntax to use near 'condition = ''' at line 1
2016/11/09 11:56:15: You have an error in your SQL syntax; check the manual that corresponds to your MySQL server version for the right syntax to use near 'condition = ''' at line 1
2016/11/09 12:15:22: You have an error in your SQL syntax; check the manual that corresponds to your MySQL server version for the right syntax to use near 'condition = ''' at line 1
2016/11/09 12:16:05: You have an error in your SQL syntax; check the manual that corresponds to your MySQL server version for the right syntax to use near 'condition = ''' at line 1
2016/11/09 12:21:53: You have an error in your SQL syntax; check the manual that corresponds to your MySQL server version for the right syntax to use near 'condition = ''' at line 1
2016/11/09 12:22:26: You have an error in your SQL syntax; check the manual that corresponds to your MySQL server version for the right syntax to use near 'condition = ''' at line 1
2016/11/09 12:24:23: You have an error in your SQL syntax; check the manual that corresponds to your MySQL server version for the right syntax to use near 'condition = ''' at line 1
2016/11/09 01:15:47: You have an error in your SQL syntax; check the manual that corresponds to your MySQL server version for the right syntax to use near 'condition = ''' at line 1
2016/11/09 01:15:56: You have an error in your SQL syntax; check the manual that corresponds to your MySQL server version for the right syntax to use near 'condition = ''' at line 1
2016/11/09 01:17:50: You have an error in your SQL syntax; check the manual that corresponds to your MySQL server version for the right syntax to use near 'condition = ''' at line 1
2016/11/09 01:18:00: You have an error in your SQL syntax; check the manual that corresponds to your MySQL server version for the right syntax to use near 'condition = ''' at line 1
2016/11/09 01:19:19: You have an error in your SQL syntax; check the manual that corresponds to your MySQL server version for the right syntax to use near 'condition = ''' at line 1
2016/11/09 01:25:04: You have an error in your SQL syntax; check the manual that corresponds to your MySQL server version for the right syntax to use near 'condition = ''' at line 1
2016/11/09 01:50:09: You have an error in your SQL syntax; check the manual that corresponds to your MySQL server version for the right syntax to use near 'condition = ''' at line 1
2016/11/09 02:14:13: You have an error in your SQL syntax; check the manual that corresponds to your MySQL server version for the right syntax to use near 'condition = ''' at line 1
2016/11/09 03:41:48: You have an error in your SQL syntax; check the manual that corresponds to your MySQL server version for the right syntax to use near 'condition = ''' at line 1
2016/11/09 03:43:52: You have an error in your SQL syntax; check the manual that corresponds to your MySQL server version for the right syntax to use near 'condition = ''' at line 1
2016/11/09 03:44:23: You have an error in your SQL syntax; check the manual that corresponds to your MySQL server version for the right syntax to use near 'condition = ''' at line 1
2016/11/09 03:47:43: You have an error in your SQL syntax; check the manual that corresponds to your MySQL server version for the right syntax to use near 'condition = ''' at line 1
2016/11/09 03:47:49: You have an error in your SQL syntax; check the manual that corresponds to your MySQL server version for the right syntax to use near 'condition = ''' at line 1
2016/11/17 09:46:01: Data truncation: Incorrect date value: '' for column 'dateFaxed' at row 1
2016/11/17 09:55:21: Data truncation: Incorrect date value: '' for column 'dateFaxed' at row 1
2016/11/23 09:44:18: Cannot add or update a child row: a foreign key constraint fails (`dos_db`.`invoice`, CONSTRAINT `purchaseOrderNo` FOREIGN KEY (`purchaseOrderNo`) REFERENCES `delivery` (`purchaseOrderNo`) ON DELETE NO ACTION ON UPDATE NO ACTION)
2016/11/23 09:46:49: Duplicate entry '1111' for key 'PRIMARY'
2016/11/23 09:46:55: Duplicate entry '1111' for key 'PRIMARY'
2016/11/23 11:45:42: Duplicate entry '1111' for key 'PRIMARY'
2016/11/26 02:59:02: Unknown column 'i.purchaseOrderNo' in 'on clause'
2016/11/26 03:00:16: Unknown column 'i.purchaseOrderNo' in 'on clause'
2016/11/26 03:04:25: You have an error in your SQL syntax; check the manual that corresponds to your MySQL server version for the right syntax to use near '' at line 1
2016/11/26 03:06:18: You have an error in your SQL syntax; check the manual that corresponds to your MySQL server version for the right syntax to use near '' at line 1
2016/11/26 03:13:53: Column count doesn't match value count at row 1
2016/11/26 03:14:16: Column count doesn't match value count at row 1
2016/11/26 03:21:29: Duplicate entry '111101' for key 'PRIMARY'
2016/11/26 03:24:21: You have an error in your SQL syntax; check the manual that corresponds to your MySQL server version for the right syntax to use near '' at line 1
2016/11/26 11:15:03: Duplicate entry '111103' for key 'PRIMARY'
2016/11/26 11:18:07: Duplicate entry '111101' for key 'PRIMARY'
2016/11/29 11:14:39: Duplicate entry '222201' for key 'PRIMARY'
2016/11/29 11:54:41: You have an error in your SQL syntax; check the manual that corresponds to your MySQL server version for the right syntax to use near 'condition = '161119'' at line 1
2016/12/01 04:06:56: Unparseable date: "password"
2016/12/01 09:06:51: Table 'dos_db.log_details' doesn't exist
2016/12/01 03:54:13: Table 'dos_db.log_details' doesn't exist
2016/12/05 10:38:02: Table 'dos_db.log_details' doesn't exist
2016/12/05 10:38:50: Table 'dos_db.log_details' doesn't exist
2016/12/05 10:40:50: Table 'dos_db.log_details' doesn't exist
2016/12/07 12:34:25: You have an error in your SQL syntax; check the manual that corresponds to your MySQL server version for the right syntax to use near 'condition = '161119'' at line 1
2016/12/07 12:36:20: You have an error in your SQL syntax; check the manual that corresponds to your MySQL server version for the right syntax to use near 'condition = '161119'' at line 1
2016/12/07 12:36:26: You have an error in your SQL syntax; check the manual that corresponds to your MySQL server version for the right syntax to use near 'condition = '161119'' at line 1
2016/12/07 12:39:03: You have an error in your SQL syntax; check the manual that corresponds to your MySQL server version for the right syntax to use near 'condition = '161119'and employeeID = '161119'' at line 1
2016/12/07 12:40:51: You have an error in your SQL syntax; check the manual that corresponds to your MySQL server version for the right syntax to use near 'condition = '161119'and employeeID = '161119'' at line 1
2016/12/07 12:43:08: You have an error in your SQL syntax; check the manual that corresponds to your MySQL server version for the right syntax to use near 'condition = '161123'and employeeID = '161123'' at line 1
2016/12/07 12:45:24: You have an error in your SQL syntax; check the manual that corresponds to your MySQL server version for the right syntax to use near 'condition = '161119'' at line 1
2016/12/07 10:23:31: Table 'dos_db.log_details' doesn't exist
2016/12/07 11:02:59: Unknown column 'purchaseOrderNo' in 'where clause'
2016/12/07 11:39:03: Column 'purchaseOrderNo' in where clause is ambiguous
2016/12/07 11:44:08: Column 'purchaseOrderNo' in where clause is ambiguous
2016/12/07 11:46:26: Column 'purchaseOrderNo' in where clause is ambiguous
2016/12/07 11:50:38: Column 'purchaseOrderNo' in where clause is ambiguous
2016/12/07 12:39:52: Column 'purchaseOrderNo' in where clause is ambiguous
2016/12/07 01:03:24: Column 'purchaseOrderNo' in where clause is ambiguous
2016/12/07 01:06:06: You have an error in your SQL syntax; check the manual that corresponds to your MySQL server version for the right syntax to use near '= 'DCIS' OR d. = 'DCIS'' at line 1
2016/12/07 01:08:46: Unknown column 'd.invoiceNo' in 'where clause'
2016/12/07 01:08:54: Unknown column 'd.invoiceNo' in 'where clause'
2016/12/07 01:09:00: Unknown column 'd.invoiceNo' in 'where clause'
2016/12/07 01:09:44: Unknown column 'd.invoiceNo' in 'where clause'
2016/12/07 01:11:48: Unknown column 'd.invoiceNo' in 'where clause'
2016/12/09 09:02:01: Table 'dos_db.log_details' doesn't exist
2016/12/09 09:05:02: Table 'dos_db.log_details' doesn't exist
2016/12/09 09:25:19: Duplicate entry '161131' for key 'PRIMARY'
2016/12/09 09:25:33: Table 'dos_db.log_details' doesn't exist
2016/12/09 09:25:40: Table 'dos_db.log_details' doesn't exist
2016/12/09 09:28:22: Duplicate entry '1115' for key 'PRIMARY'
2016/12/09 09:32:46: Duplicate entry '222202' for key 'PRIMARY'
2016/12/10 12:06:34: Table 'dos_db.log_details' doesn't exist
2016/12/20 08:30:01: Table 'dos_db.log_details' doesn't exist
2016/12/20 08:33:04: Table 'dos_db.log_details' doesn't exist
2016/12/20 08:33:57: Table 'dos_db.log_details' doesn't exist
2016/12/20 10:34:01: Table 'dos_db.log_details' doesn't exist
2016/12/20 10:35:28: Table 'dos_db.log_details' doesn't exist
2016/12/20 10:36:45: Table 'dos_db.log_details' doesn't exist
2016/12/20 10:39:11: Table 'dos_db.log_details' doesn't exist
2016/12/20 10:39:47: Table 'dos_db.log_details' doesn't exist
2016/12/21 07:19:33: Table 'dos_db.log_details' doesn't exist
2016/12/22 12:04:18: Table 'dos_db.log_details' doesn't exist
2016/12/22 12:04:27: Table 'dos_db.log_details' doesn't exist
2016/12/27 11:34:10: Table 'dos_db.log_details' doesn't exist
2016/12/27 11:34:23: Table 'dos_db.log_details' doesn't exist
2016/12/27 11:34:35: Table 'dos_db.log_details' doesn't exist
2016/12/27 11:35:43: Duplicate entry '1123' for key 'PRIMARY'
2016/12/27 11:38:40: Duplicate entry '444401' for key 'PRIMARY'
2016/12/28 01:56:16: Table 'dos_db.log_details' doesn't exist
2016/12/28 02:05:01: Table 'dos_db.log_details' doesn't exist
2016/12/28 02:22:10: Table 'dos_db.log_details' doesn't exist
2016/12/29 11:57:59: Table 'dos_db.log_details' doesn't exist
2016/12/29 12:00:03: Table 'dos_db.log_details' doesn't exist
2016/12/29 12:00:23: Table 'dos_db.log_details' doesn't exist
2016/12/29 12:12:04: Table 'dos_db.log_details' doesn't exist
2016/12/29 12:12:16: Table 'dos_db.log_details' doesn't exist
2016/12/29 12:16:27: Table 'dos_db.log_details' doesn't exist
2016/12/29 12:16:34: Duplicate entry '222204' for key 'PRIMARY'
2016/12/29 12:17:08: Table 'dos_db.log_details' doesn't exist
2016/12/30 01:54:37: Table 'dos_db.log_details' doesn't exist
2016/12/30 01:55:53: Unknown column 'purchaseNo' in 'where clause'
2016/12/30 01:55:59: Unknown column 'purchaseNo' in 'where clause'
2016/12/30 01:57:09: Table 'dos_db.log_details' doesn't exist
2016/12/30 02:00:05: Unknown column 'purchaseNo' in 'where clause'
2016/12/30 02:01:18: Unknown column 'purchaseNo' in 'where clause'
2016/12/30 02:02:32: Table 'dos_db.log_details' doesn't exist
2016/12/30 02:33:10: Table 'dos_db.log_details' doesn't exist
2016/12/30 05:02:51: Table 'dos_db.log_details' doesn't exist
2016/12/30 05:13:23: You have an error in your SQL syntax; check the manual that corresponds to your MySQL server version for the right syntax to use near 'waiting'' at line 1
2016/12/30 05:17:46: Table 'dos_db.log_details' doesn't exist
2016/12/30 08:21:45: You have an error in your SQL syntax; check the manual that corresponds to your MySQL server version for the right syntax to use near ''1116','Without Issues...','This hasn\'t been delivered yet and has NO issues.',' at line 1
2016/12/30 08:24:30: Incorrect integer value: '' for column 'responseID' at row 1
2016/12/30 09:06:53: Table 'dos_db.log_details' doesn't exist
2016/12/30 09:51:34: Data truncation: Truncated incorrect DOUBLE value: 'DONE'
2016/12/30 09:52:47: Table 'dos_db.log_details' doesn't exist
2016/12/30 11:22:31: Table 'dos_db.log_details' doesn't exist
2016/12/30 11:59:03: Table 'dos_db.log_details' doesn't exist
2017/01/02 12:19:53: You have an error in your SQL syntax; check the manual that corresponds to your MySQL server version for the right syntax to use near 'elect d.*, r.* from delivery d left join response r on d.purchaseOrderNo = r.pur' at line 1
2017/01/02 02:21:01: Table 'dos_db.log_details' doesn't exist
2017/01/02 02:22:57: Table 'dos_db.log_details' doesn't exist
2017/01/02 02:24:16: Table 'dos_db.log_details' doesn't exist
2017/01/02 05:44:52: Table 'dos_db.log_details' doesn't exist
2017/01/02 05:47:10: Table 'dos_db.log_details' doesn't exist
2017/01/02 05:51:02: Table 'dos_db.log_details' doesn't exist
2017/01/02 10:04:38: Table 'dos_db.log_details' doesn't exist
2017/01/02 10:05:56: Data truncation: Incorrect date value: 'none' for column 'dateFollowedUp' at row 1
2017/01/02 10:06:09: Data truncation: Incorrect date value: 'none' for column 'dateFollowedUp' at row 1
2017/01/02 10:09:57: Data truncation: Incorrect date value: 'none' for column 'dateFollowedUp' at row 1
2017/01/02 10:12:16: Data truncation: Incorrect date value: 'none' for column 'dateFollowedUp' at row 1
2017/01/02 10:12:43: Data truncation: Incorrect date value: 'none' for column 'dateFollowedUp' at row 1
2017/01/02 10:16:43: Data truncation: Incorrect date value: 'none' for column 'dateFollowedUp' at row 1
2017/01/02 10:30:03: Table 'dos_db.log_details' doesn't exist
2017/01/02 10:31:19: Table 'dos_db.log_details' doesn't exist
2017/01/02 10:32:24: Table 'dos_db.log_details' doesn't exist
2017/01/02 10:33:08: Table 'dos_db.log_details' doesn't exist
2017/01/03 10:21:57: Table 'dos_db.log_details' doesn't exist
2017/01/03 10:22:45: Table 'dos_db.log_details' doesn't exist
2017/01/03 10:23:10: Table 'dos_db.log_details' doesn't exist